yarn run v1.3.2
$ storybook build --output-dir C:\Users\OKTAVI~1\AppData\Local\Temp\chromatic--4280-YQ4bfKi4IUKf
@storybook/cli v8.0.0

info => Cleaning outputDir: ..\..\Users\OKTAVI~1\AppData\Local\Temp\chromatic--4280-YQ4bfKi4IUKf
info => Loading presets
info => Building manager..
info => Manager built (2.02 s)
info => Building preview..
WARN No story files found for the specified pattern: src\**\*.mdx
[36mvite v4.3.9 [32mbuilding for production...[36m[39m
transforming...
[32m✓[39m 610 modules transformed.
rendering chunks...
computing gzip size...
[2m../../Users/OKTAVI~1/AppData/Local/Temp/chromatic--4280-YQ4bfKi4IUKf/[22m[32miframe.html                                                                 [39m[1m[2m 13.16 kB[22m[1m[22m[2m │ gzip:   3.63 kB[22m
[2m../../Users/OKTAVI~1/AppData/Local/Temp/chromatic--4280-YQ4bfKi4IUKf/[22m[36massets/preview-73c648b3.js                                                  [39m[1m[2m  0.07 kB[22m[1m[22m[2m │ gzip:   0.08 kB[22m
[2m../../Users/OKTAVI~1/AppData/Local/Temp/chromatic--4280-YQ4bfKi4IUKf/[22m[36massets/emotion-use-insertion-effect-with-fallbacks.browser.esm-0bdd66d1.js  [39m[1m[2m  0.18 kB[22m[1m[22m[2m │ gzip:   0.16 kB[22m
[2m../../Users/OKTAVI~1/AppData/Local/Temp/chromatic--4280-YQ4bfKi4IUKf/[22m[36massets/extends-98964cd2.js                                                  [39m[1m[2m  0.24 kB[22m[1m[22m[2m │ gzip:   0.19 kB[22m
[2m../../Users/OKTAVI~1/AppData/Local/Temp/chromatic--4280-YQ4bfKi4IUKf/[22m[36massets/index-83c9fcb8.js                                                    [39m[1m[2m  0.42 kB[22m[1m[22m[2m │ gzip:   0.27 kB[22m
[2m../../Users/OKTAVI~1/AppData/Local/Temp/chromatic--4280-YQ4bfKi4IUKf/[22m[36massets/WithTooltip-Y7J54OF7-44413d2a.js                                     [39m[1m[2m  0.50 kB[22m[1m[22m[2m │ gzip:   0.30 kB[22m
[2m../../Users/OKTAVI~1/AppData/Local/Temp/chromatic--4280-YQ4bfKi4IUKf/[22m[36massets/syntaxhighlighter-JOJW2KGS-4f078abe.js                               [39m[1m[2m  0.54 kB[22m[1m[22m[2m │ gzip:   0.34 kB[22m
[2m../../Users/OKTAVI~1/AppData/Local/Temp/chromatic--4280-YQ4bfKi4IUKf/[22m[36massets/preview-73104b77.js                                                  [39m[1m[2m  0.64 kB[22m[1m[22m[2m │ gzip:   0.45 kB[22m
[2m../../Users/OKTAVI~1/AppData/Local/Temp/chromatic--4280-YQ4bfKi4IUKf/[22m[36massets/index-356e4a49.js                                                    [39m[1m[2m  0.77 kB[22m[1m[22m[2m │ gzip:   0.47 kB[22m
[2m../../Users/OKTAVI~1/AppData/Local/Temp/chromatic--4280-YQ4bfKi4IUKf/[22m[36massets/index-e19e1475.js                                                    [39m[1m[2m  0.79 kB[22m[1m[22m[2m │ gzip:   0.51 kB[22m
[2m../../Users/OKTAVI~1/AppData/Local/Temp/chromatic--4280-YQ4bfKi4IUKf/[22m[36massets/preview-f905a888.js                                                  [39m[1m[2m  0.84 kB[22m[1m[22m[2m │ gzip:   0.55 kB[22m
[2m../../Users/OKTAVI~1/AppData/Local/Temp/chromatic--4280-YQ4bfKi4IUKf/[22m[36massets/preview-0ef86afd.js                                                  [39m[1m[2m  0.86 kB[22m[1m[22m[2m │ gzip:   0.55 kB[22m
[2m../../Users/OKTAVI~1/AppData/Local/Temp/chromatic--4280-YQ4bfKi4IUKf/[22m[36massets/v4-4a60fe23.js                                                       [39m[1m[2m  0.87 kB[22m[1m[22m[2m │ gzip:   0.46 kB[22m
[2m../../Users/OKTAVI~1/AppData/Local/Temp/chromatic--4280-YQ4bfKi4IUKf/[22m[36massets/animation-3ea106b5.js                                                [39m[1m[2m  1.19 kB[22m[1m[22m[2m │ gzip:   0.39 kB[22m
[2m../../Users/OKTAVI~1/AppData/Local/Temp/chromatic--4280-YQ4bfKi4IUKf/[22m[36massets/entry-preview-a14c9080.js                                            [39m[1m[2m  1.24 kB[22m[1m[22m[2m │ gzip:   0.72 kB[22m
[2m../../Users/OKTAVI~1/AppData/Local/Temp/chromatic--4280-YQ4bfKi4IUKf/[22m[36massets/preview-74c020db.js                                                  [39m[1m[2m  1.74 kB[22m[1m[22m[2m │ gzip:   0.91 kB[22m
[2m../../Users/OKTAVI~1/AppData/Local/Temp/chromatic--4280-YQ4bfKi4IUKf/[22m[36massets/styles-79afce76.js                                                   [39m[1m[2m  2.08 kB[22m[1m[22m[2m │ gzip:   1.19 kB[22m
[2m../../Users/OKTAVI~1/AppData/Local/Temp/chromatic--4280-YQ4bfKi4IUKf/[22m[36massets/index-11d98b33.js                                                    [39m[1m[2m  2.59 kB[22m[1m[22m[2m │ gzip:   1.26 kB[22m
[2m../../Users/OKTAVI~1/AppData/Local/Temp/chromatic--4280-YQ4bfKi4IUKf/[22m[36massets/StoryLinkWrapper-eb9b4101.js                                         [39m[1m[2m  2.63 kB[22m[1m[22m[2m │ gzip:   1.28 kB[22m
[2m../../Users/OKTAVI~1/AppData/Local/Temp/chromatic--4280-YQ4bfKi4IUKf/[22m[36massets/preview-e166cab4.js                                                  [39m[1m[2m  2.70 kB[22m[1m[22m[2m │ gzip:   1.37 kB[22m
[2m../../Users/OKTAVI~1/AppData/Local/Temp/chromatic--4280-YQ4bfKi4IUKf/[22m[36massets/Icon.stories-bc573864.js                                             [39m[1m[2m  3.17 kB[22m[1m[22m[2m │ gzip:   1.23 kB[22m
[2m../../Users/OKTAVI~1/AppData/Local/Temp/chromatic--4280-YQ4bfKi4IUKf/[22m[36massets/preview-98b085a7.js                                                  [39m[1m[2m  3.19 kB[22m[1m[22m[2m │ gzip:   1.37 kB[22m
[2m../../Users/OKTAVI~1/AppData/Local/Temp/chromatic--4280-YQ4bfKi4IUKf/[22m[36massets/Badge.stories-4b84bc85.js                                            [39m[1m[2m  4.79 kB[22m[1m[22m[2m │ gzip:   1.54 kB[22m
[2m../../Users/OKTAVI~1/AppData/Local/Temp/chromatic--4280-YQ4bfKi4IUKf/[22m[36massets/iframe-26c37922.js                                                   [39m[1m[2m  5.45 kB[22m[1m[22m[2m │ gzip:   1.67 kB[22m
[2m../../Users/OKTAVI~1/AppData/Local/Temp/chromatic--4280-YQ4bfKi4IUKf/[22m[36massets/Avatar.stories-ab0d6472.js                                           [39m[1m[2m  6.82 kB[22m[1m[22m[2m │ gzip:   2.20 kB[22m
[2m../../Users/OKTAVI~1/AppData/Local/Temp/chromatic--4280-YQ4bfKi4IUKf/[22m[36massets/Link.stories-1515f827.js                                             [39m[1m[2m  7.22 kB[22m[1m[22m[2m │ gzip:   2.23 kB[22m
[2m../../Users/OKTAVI~1/AppData/Local/Temp/chromatic--4280-YQ4bfKi4IUKf/[22m[36massets/preview-da31036b.js                                                  [39m[1m[2m  7.62 kB[22m[1m[22m[2m │ gzip:   1.55 kB[22m
[2m../../Users/OKTAVI~1/AppData/Local/Temp/chromatic--4280-YQ4bfKi4IUKf/[22m[36massets/index-de62f0e0.js                                                    [39m[1m[2m  7.83 kB[22m[1m[22m[2m │ gzip:   3.08 kB[22m
[2m../../Users/OKTAVI~1/AppData/Local/Temp/chromatic--4280-YQ4bfKi4IUKf/[22m[36massets/preview-c56bf6ac.js                                                  [39m[1m[2m  8.28 kB[22m[1m[22m[2m │ gzip:   3.17 kB[22m
[2m../../Users/OKTAVI~1/AppData/Local/Temp/chromatic--4280-YQ4bfKi4IUKf/[22m[36massets/polished.esm-ed3ce7df.js                                             [39m[1m[2m 10.68 kB[22m[1m[22m[2m │ gzip:   3.84 kB[22m
[2m../../Users/OKTAVI~1/AppData/Local/Temp/chromatic--4280-YQ4bfKi4IUKf/[22m[36massets/emotion-react-jsx-runtime.browser.esm-bff82cfc.js                    [39m[1m[2m 18.32 kB[22m[1m[22m[2m │ gzip:   7.35 kB[22m
[2m../../Users/OKTAVI~1/AppData/Local/Temp/chromatic--4280-YQ4bfKi4IUKf/[22m[36massets/Button.stories-825c5f1f.js                                           [39m[1m[2m 22.67 kB[22m[1m[22m[2m │ gzip:   3.82 kB[22m
[2m../../Users/OKTAVI~1/AppData/Local/Temp/chromatic--4280-YQ4bfKi4IUKf/[22m[36massets/Color-RQJUDNI5-08ba6954.js                                           [39m[1m[2m 31.09 kB[22m[1m[22m[2m │ gzip:  11.78 kB[22m
[2m../../Users/OKTAVI~1/AppData/Local/Temp/chromatic--4280-YQ4bfKi4IUKf/[22m[36massets/_getPrototype-ad223aba.js                                            [39m[1m[2m 78.60 kB[22m[1m[22m[2m │ gzip:  23.56 kB[22m
[2m../../Users/OKTAVI~1/AppData/Local/Temp/chromatic--4280-YQ4bfKi4IUKf/[22m[36massets/react-18-62da9de6.js                                                 [39m[1m[2m134.51 kB[22m[1m[22m[2m │ gzip:  43.43 kB[22m
[2m../../Users/OKTAVI~1/AppData/Local/Temp/chromatic--4280-YQ4bfKi4IUKf/[22m[36massets/Icon-93ddc2f6.js                                                     [39m[1m[2m140.16 kB[22m[1m[22m[2m │ gzip:  50.88 kB[22m
[2m../../Users/OKTAVI~1/AppData/Local/Temp/chromatic--4280-YQ4bfKi4IUKf/[22m[36massets/formatter-B5HCVTEV-4e9b0137.js                                       [39m[1m[2m210.91 kB[22m[1m[22m[2m │ gzip:  70.74 kB[22m
[2m../../Users/OKTAVI~1/AppData/Local/Temp/chromatic--4280-YQ4bfKi4IUKf/[22m[36massets/entry-preview-docs-b96ef4f8.js                                       [39m[1m[2m212.60 kB[22m[1m[22m[2m │ gzip:  66.56 kB[22m
[2m../../Users/OKTAVI~1/AppData/Local/Temp/chromatic--4280-YQ4bfKi4IUKf/[22m[36massets/DocsRenderer-K4EAMTCU-412be2f1.js                                    [39m[1m[33m645.78 kB[39m[22m[2m │ gzip: 200.23 kB[22m
[2m../../Users/OKTAVI~1/AppData/Local/Temp/chromatic--4280-YQ4bfKi4IUKf/[22m[36massets/preview-f81dd5c8.js                                                  [39m[1m[33m693.22 kB[39m[22m[2m │ gzip: 167.15 kB[22m
[32m✓ built in 14.56s[39m
info => Preview built (18 s)
info => Output directory: C:\Users\OKTAVI~1\AppData\Local\Temp\chromatic--4280-YQ4bfKi4IUKf

attention => Storybook now collects completely anonymous telemetry regarding usage.
This information is used to shape Storybook's roadmap and prioritize features.
You can learn more, including how to opt-out if you'd not like to participate in this anonymous program, by visiting the following URL:
https://storybook.js.org/telemetry

Done in 28.17s.
